code-creation,Stub,0x561ce020,296,"JSEntryStub"
code-creation,Stub,0x561ce160,296,"JSConstructEntryStub"
code-creation,Stub,0x55586020,860,"CEntryStub"
code-creation,Builtin,0x561ce2a0,60,"Illegal"
code-creation,Builtin,0x561ce2e0,60,"EmptyFunction"
code-creation,Builtin,0x561ce320,60,"ArrayCodeGeneric"
code-creation,Builtin,0x561ce360,60,"ArrayPush"
code-creation,Builtin,0x561ce3a0,60,"ArrayPop"
code-creation,Builtin,0x561ce3e0,60,"ArrayShift"
code-creation,Builtin,0x561ce420,60,"ArrayUnshift"
code-creation,Builtin,0x561ce460,60,"ArraySlice"
code-creation,Builtin,0x561ce4a0,60,"ArraySplice"
code-creation,Builtin,0x561ce4e0,60,"ArrayConcat"
code-creation,Builtin,0x561ce520,64,"HandleApiCall"
code-creation,Builtin,0x561ce560,60,"FastHandleApiCall"
code-creation,Builtin,0x561ce5a0,64,"HandleApiCallConstruct"
code-creation,Builtin,0x561ce5e0,60,"HandleApiCallAsFunction"
code-creation,Builtin,0x561ce620,60,"HandleApiCallAsConstructor"
code-creation,Builtin,0x561ce660,60,"StrictArgumentsCallee"
code-creation,Builtin,0x561ce6a0,60,"StrictArgumentsCaller"
code-creation,Builtin,0x561ce6e0,60,"StrictFunctionCaller"
code-creation,Builtin,0x561ce720,60,"StrictFunctionArguments"
code-creation,Builtin,0x561ce760,196,"ArgumentsAdaptorTrampoline"
code-creation,Builtin,0x561ce840,104,"JSConstructCall"
code-creation,Builtin,0x561ce8c0,608,"JSConstructStubCountdown"
code-creation,Builtin,0x561ceb20,540,"JSConstructStubGeneric"
code-creation,Builtin,0x561ced40,508,"JSConstructStubApi"
code-creation,Builtin,0x561cef40,200,"JSEntryTrampoline"
code-creation,Builtin,0x561cf020,164,"JSConstructEntryTrampoline"
code-creation,Builtin,0x561cf0e0,116,"LazyCompile"
code-creation,Builtin,0x561cf160,116,"LazyRecompile"
code-creation,Builtin,0x561cf1e0,156,"NotifyDeoptimized"
code-creation,Builtin,0x561cf280,156,"NotifyLazyDeoptimized"
code-creation,Builtin,0x561cf320,108,"NotifyOSR"
code-creation,Builtin,0x561cf3a0,68,"LoadIC_Miss"
code-creation,Builtin,0x561cf400,64,"KeyedLoadIC_Miss"
code-creation,Builtin,0x561cf440,68,"StoreIC_Miss"
code-creation,Builtin,0x561cf4a0,64,"KeyedStoreIC_Miss"
code-creation,Builtin,0x561cf4e0,68,"LoadIC_Initialize"
code-creation,Builtin,0x561cf540,68,"LoadIC_PreMonomorphic"
code-creation,Builtin,0x561cf5a0,304,"LoadIC_Normal"
code-creation,Builtin,0x561cf6e0,80,"LoadIC_ArrayLength"
code-creation,Builtin,0x561cf740,84,"LoadIC_StringLength"
code-creation,Builtin,0x561cf7a0,132,"LoadIC_StringWrapperLength"
code-creation,Builtin,0x561cf840,136,"LoadIC_FunctionPrototype"
code-creation,Builtin,0x561cf8e0,268,"LoadIC_Megamorphic"
code-creation,Builtin,0x561cfa00,64,"KeyedLoadIC_Initialize"
code-creation,Builtin,0x561cfa40,64,"KeyedLoadIC_PreMonomorphic"
code-creation,Builtin,0x561cfa80,788,"KeyedLoadIC_Generic"
code-creation,Builtin,0x561d0020,668,"KeyedLoadIC_String"
code-creation,Builtin,0x561d02c0,128,"KeyedLoadIC_IndexedInterceptor"
code-creation,Builtin,0x561d0340,68,"StoreIC_Initialize"
code-creation,Builtin,0x561d03a0,148,"StoreIC_ArrayLength"
code-creation,Builtin,0x561d0440,364,"StoreIC_Normal"
code-creation,Builtin,0x561d05c0,268,"StoreIC_Megamorphic"
code-creation,Builtin,0x561d06e0,80,"StoreIC_GlobalProxy"
code-creation,Builtin,0x561d0740,68,"StoreIC_Initialize_Strict"
code-creation,Builtin,0x561d07a0,148,"StoreIC_ArrayLength_Strict"
code-creation,Builtin,0x561d0840,364,"StoreIC_Normal_Strict"
code-creation,Builtin,0x561d09c0,268,"StoreIC_Megamorphic_Strict"
code-creation,Builtin,0x561d0ae0,80,"StoreIC_GlobalProxy_Strict"
code-creation,Builtin,0x561d0b40,64,"KeyedStoreIC_Initialize"
code-creation,Builtin,0x561d0b80,304,"KeyedStoreIC_Generic"
code-creation,Builtin,0x561d0cc0,64,"KeyedStoreIC_Initialize_Strict"
code-creation,Builtin,0x561d0d00,304,"KeyedStoreIC_Generic_Strict"
code-creation,Builtin,0x561d0e40,404,"FunctionCall"
code-creation,Builtin,0x561d0fe0,436,"FunctionApply"
code-creation,Builtin,0x561d11a0,600,"ArrayCode"
code-creation,Builtin,0x561d1400,588,"ArrayConstructCode"
code-creation,Builtin,0x561d1660,440,"StringConstructCode"
code-creation,Builtin,0x561d1820,836,"OnStackReplacement"
code-creation,Builtin,0x561d1b80,120,"Return_DebugBreak"
code-creation,Builtin,0x561d1c00,128,"ConstructCall_DebugBreak"
code-creation,Builtin,0x561d1c80,112,"StubNoRegisters_DebugBreak"
code-creation,Builtin,0x561d1d00,120,"LoadIC_DebugBreak"
code-creation,Builtin,0x561d1d80,120,"KeyedLoadIC_DebugBreak"
code-creation,Builtin,0x561d1e00,120,"StoreIC_DebugBreak"
code-creation,Builtin,0x561d1e80,120,"KeyedStoreIC_DebugBreak"
code-creation,Builtin,0x561d1f00,112,"Slot_DebugBreak"
code-creation,Builtin,0x561d1f80,80,"PlainReturn_LiveEdit"
code-creation,Builtin,0x561d2020,80,"FrameDropper_LiveEdit"
code-creation,Stub,0x561d2080,60,"StackCheckStub"
code-creation,Script,0x561d20c0,816,"native runtime.js",0x561904ec,
code-creation,CallInitialize,0x561d2400,200,"args_count: 1"
code-creation,CallInitialize,0x561d24e0,200,"args_count: 2"
code-creation,LazyCompile,0x561d25c0,1568,"EQUALS native runtime.js:54",0x5618f498,
code-creation,LazyCompile,0x561d2be0,368,"STRICT_EQUALS native runtime.js:93",0x5618f4f4,
code-creation,Stub,0x561d2d60,224,"StringCompare"
code-creation,Stub,0x561d2e40,136,"CompareIC"
code-creation,LazyCompile,0x561d2ee0,1180,"COMPARE native runtime.js:113",0x5618f550,
code-creation,Stub,0x561d3380,1208,"StringAdd"
code-creation,LazyCompile,0x561d3840,784,"ADD native runtime.js:156",0x5618f5ac,
code-creation,LazyCompile,0x561d3b60,304,"SUB native runtime.js:207",0x5618f6c0,
code-creation,LazyCompile,0x561d3ca0,304,"MUL native runtime.js:215",0x5618f71c,
code-creation,LazyCompile,0x561d3de0,304,"DIV native runtime.js:223",0x5618f778,
code-creation,LazyCompile,0x561d4020,304,"MOD native runtime.js:231",0x5618f7d4,
code-creation,LazyCompile,0x561d4160,304,"BIT_OR native runtime.js:245",0x5618f830,
code-creation,LazyCompile,0x561d42a0,440,"BIT_AND native runtime.js:253",0x5618f88c,
code-creation,LazyCompile,0x561d4460,304,"BIT_XOR native runtime.js:275",0x5618f8e8,
code-creation,LazyCompile,0x561d45a0,220,"UNARY_MINUS native runtime.js:283",0x5618f944,
code-creation,LazyCompile,0x561d4680,220,"BIT_NOT native runtime.js:290",0x5618f9a0,
code-creation,LazyCompile,0x561d4760,304,"SHL native runtime.js:297",0x5618f9fc,
code-creation,LazyCompile,0x561d48a0,440,"SAR native runtime.js:305",0x5618fa58,
code-creation,LazyCompile,0x561d4a60,304,"SHR native runtime.js:327",0x5618fab4,
code-creation,LazyCompile,0x561d4ba0,224,"DELETE native runtime.js:341",0x5618fb10,
code-creation,Stub,0x561d4c80,204,"FastCloneShallowArrayStub"
code-creation,LazyCompile,0x561d4d60,520,"IN native runtime.js:347",0x5618fb6c,
code-creation,Stub,0x561d4f80,196,"FastCloneShallowArrayStub"
code-creation,Stub,0x561d5060,168,"ToBoolean"
code-creation,LazyCompile,0x561d5120,736,"INSTANCE_OF native runtime.js:359",0x5618fbc8,
code-creation,LazyCompile,0x561d5400,128,"GET_KEYS native runtime.js:383",0x5618fc24,
code-creation,LazyCompile,0x561d5480,276,"FILTER_KEY native runtime.js:391",0x5618fc80,
code-creation,Stub,0x561d55a0,280,"ArgumentsAccessStub"
code-creation,LazyCompile,0x561d56c0,480,"CALL_NON_FUNCTION native runtime.js:398",0x5618fcdc,
code-creation,LazyCompile,0x561d58a0,480,"CALL_NON_FUNCTION_AS_CONSTRUCTOR native runtime.js:407",0x5618fd38,
code-creation,LazyCompile,0x561d5a80,140,"TO_OBJECT native runtime.js:458",0x5618fe4c,
code-creation,LazyCompile,0x561d5b20,140,"TO_NUMBER native runtime.js:464",0x5618fea8,
code-creation,LazyCompile,0x561d5bc0,140,"TO_STRING native runtime.js:470",0x5618ff04,
code-creation,Stub,0x561d5c60,136,"CompareIC"
code-creation,Stub,0x561d5d00,200,"NumberToStringStub"
code-creation,LazyCompile,0x561d6020,628,"STRING_ADD_LEFT native runtime.js:176",0x5618f608,
code-creation,LazyCompile,0x561d62a0,644,"STRING_ADD_RIGHT native runtime.js:191",0x5618f664,
code-creation,Stub,0x561d6540,136,"CompareIC"
code-creation,Stub,0x561d65e0,136,"CompareIC"
code-creation,Stub,0x561d6680,136,"CompareIC"
code-creation,Stub,0x561d6720,168,"FastCloneShallowArrayStub"
code-creation,LazyCompile,0x561d67e0,1260,"APPLY_PREPARE native runtime.js:416",0x5618fd94,
code-creation,LazyCompile,0x561d6ce0,208,"APPLY_OVERFLOW native runtime.js:452",0x5618fdf0,
code-creation,CallInitialize,0x561d6dc0,200,"args_count: 0"
code-creation,Script,0x561d6ea0,3788,"native v8natives.js",0x56193180,
code-creation,CallPreMonomorphic,0x561d7d80,200,"args_count: 0"
code-creation,CallInitialize,0x561d7e60,200,"args_count: 10"
code-creation,CallInitialize,0x561d8020,200,"args_count: 3"
code-creation,LazyCompile,0x561d8100,660,"SetupGlobal native v8natives.js:153",0x56191674,
code-creation,CallPreMonomorphic,0x561d83a0,200,"args_count: 10"
code-creation,CallPreMonomorphic,0x561d8480,200,"args_count: 3"
code-creation,Stub,0x561d8560,80,"TypeRecordingBinaryOpStub_SAR_Alloc_Uninitialized"
code-creation,Stub,0x561d85c0,80,"TypeRecordingBinaryOpStub_ADD_Alloc_Uninitialized"
code-creation,LazyCompile,0x561d8620,724,"InstallFunctions native v8natives.js:49",0x561913f0,
code-creation,Stub,0x561d8900,160,"CompareIC"
code-creation,Stub,0x561d89a0,132,"TypeRecordingBinaryOpStub_SAR_Alloc_SMI"
code-creation,Stub,0x561d8a40,160,"CompareIC"
code-creation,KeyedLoadIC,0x561d8ae0,128,""
code-creation,KeyedLoadIC,0x561d8ae0,128,"args_count: 0"
code-creation,Stub,0x561d8b60,128,"TypeRecordingBinaryOpStub_ADD_Alloc_SMI"
code-creation,LazyCompile,0x561d8be0,308,"$Object.constructor native v8natives.js:180",0x56192978,
code-creation,CallPreMonomorphic,0x561d8d20,200,"args_count: 1"
code-creation,LazyCompile,0x561d8e00,456,"ToBoolean native runtime.js:493",0x56190020,
code-creation,StoreIC,0x561d8fe0,152,"constructor"
code-creation,StoreIC,0x561d8fe0,152,"constructor"
code-creation,LazyCompile,0x561d9080,392,"a native v8natives.js:923",0x561930a8,
code-creation,CallInitialize,0x561d9220,200,"args_count: 20"
code-creation,CallInitialize,0x561d9300,200,"args_count: 26"
code-creation,LazyCompile,0x561d93e0,1240,"SetupObject native v8natives.js:938",0x561923b8,
code-creation,CallPreMonomorphic,0x561d98c0,200,"args_count: 20"
code-creation,CallPreMonomorphic,0x561d99a0,200,"args_count: 26"
code-creation,CallInitialize,0x561d9a80,200,"args_count: 4"
code-creation,LazyCompile,0x561d9b60,296,"SetupBoolean native v8natives.js:1001",0x561924cc,
code-creation,CallPreMonomorphic,0x561d9ca0,200,"args_count: 4"
code-creation,LazyCompile,0x561d9d80,352,"b native v8natives.js:1014",0x56193104,
code-creation,Stub,0x561d9ee0,156,"CompareIC"
code-creation,LazyCompile,0x561da020,536,"ToNumber native runtime.js:503",0x5619007c,
code-creation,CallInitialize,0x561da240,200,"args_count: 12"
code-creation,LazyCompile,0x561da320,1204,"SetupNumber native v8natives.js:1106",0x56192750,
code-creation,CallPreMonomorphic,0x561da7e0,200,"args_count: 12"
code-creation,Stub,0x561da8c0,80,"TypeRecordingBinaryOpStub_SUB_Alloc_Uninitialized"
code-creation,Stub,0x561da920,140,"ArgumentsAccessStub"
code-creation,Stub,0x561da9c0,88,"ToNumberStub"
code-creation,Stub,0x561daa20,80,"TypeRecordingBinaryOpStub_ADD_OverwriteLeft_Uninitialized"
code-creation,Stub,0x561daa80,244,"CallFunction"
code-creation,LazyCompile,0x561dab80,1316,"NewFunction native v8natives.js:1248",0x561928c0,
code-creation,LazyCompile,0x561db0c0,296,"SetupFunction native v8natives.js:1274",0x5619291c,
code-creation,Script,0x561db200,280,"native array.js",0x56194e24,
code-creation,Stub,0x561db320,168,"FastNewContextStub"
code-creation,Function,0x561db3e0,344,"getFunction native array.js:1192",0x56195454,
code-creation,Stub,0x561db540,188,"FastNewClosureStub"
code-creation,Stub,0x561db600,244,"CallFunction"
code-creation,Stub,0x561db700,244,"CallFunction"
code-creation,CallInitialize,0x561db800,200,"args_count: 42"
code-creation,Function,0x561db8e0,152,"SetupArray.InternalArray.toString native array.js:1243",0x561954cc,
code-creation,LazyCompile,0x561dc020,3452,"SetupArray native array.js:1180",0x56194da8,
code-creation,CallPreMonomorphic,0x561dcda0,200,"args_count: 2"
code-creation,LazyCompile,0x561dce80,208,"hasOwnProperty native v8natives.js:216",0x561917e4,
code-creation,LazyCompile,0x561dcf60,576,"ToObject native runtime.js:543",0x561901ec,
code-creation,LazyCompile,0x561dd1a0,488,"ToString native runtime.js:526",0x56190134,
code-creation,CallMiss,0x561dd3a0,200,"args_count: 1"
code-creation,CallIC,0x561dd480,132,"hasOwnProperty"
code-creation,CallIC,0x561dd520,124,"ToObject"
code-creation,CallIC,0x561dd5a0,124,"ToString"
code-creation,KeyedLoadIC,0x561dd620,104,"push"
code-creation,KeyedLoadIC,0x561dd620,104,"push"
code-creation,KeyedLoadIC,0x561dd6a0,104,"concat"
code-creation,KeyedLoadIC,0x561dd6a0,104,"concat"
code-creation,CallPreMonomorphic,0x561dd720,200,"args_count: 42"
code-creation,LazyCompile,0x561dd800,248,"InstallFunctionsOnHiddenPrototype native v8natives.js:67",0x5619144c,
code-creation,Stub,0x561dd900,168,"FastCloneShallowArrayStub"
code-creation,Script,0x561dd9c0,1172,"native string.js",0x56196de8,
code-creation,LazyCompile,0x561dde60,404,"b native string.js:36",0x56196c58,
code-creation,CallInitialize,0x561de020,200,"args_count: 70"
code-creation,LazyCompile,0x561de100,1880,"SetupString native string.js:863",0x56196bfc,
code-creation,CallPreMonomorphic,0x561de860,200,"args_count: 70"
code-creation,LoadIC,0x561de940,88,"$Object"
code-creation,LoadIC,0x561de940,88,"$Object"
code-creation,CallMiss,0x561de9a0,200,"args_count: 3"
code-creation,CallIC,0x561dea80,124,"InstallFunctions"
code-creation,Script,0x561deb00,288,"native uri.js",0x56197e44,
code-creation,LazyCompile,0x561dec20,436,"SetupURI native uri.js:389",0x56197dc8,
code-creation,Script,0x561dede0,744,"native math.js",0x56198a28,
code-creation,LazyCompile,0x561df0e0,92,"MathConstructor native math.js:38",0x561982d8,
code-creation,CallInitialize,0x561df140,200,"args_count: 36"
code-creation,LazyCompile,0x561df220,1700,"SetupMath native math.js:198",0x561989ac,
code-creation,CallPreMonomorphic,0x561df8e0,200,"args_count: 36"
code-creation,Script,0x561e0020,5528,"native messages.js",0x5619b404,
code-creation,LazyCompile,0x561e15c0,180,"kMessages.cyclic_proto native messages.js:133",0x5619a808,
code-creation,Function,0x561e1680,92,"ErrorPrototype native messages.js:984",0x5619be18,
code-creation,Function,0x561e16e0,212," native messages.js:1010",0x5619be94,
code-creation,Function,0x561e17c0,652," native messages.js:999",0x5619bf10,
code-creation,LazyCompile,0x561e1a60,1020,"DefineError native messages.js:968",0x5619a698,
code-creation,Stub,0x561e2020,1452,"StringAdd"
code-creation,Stub,0x561e25e0,1452,"StringAdd"
code-creation,Stub,0x561e2ba0,160,"TypeRecordingBinaryOpStub_ADD_Alloc_Strings"
code-creation,Stub,0x561e2c40,548,"CompareStub_EQ_r1_r0"
code-creation,LoadIC,0x561e2e80,88,"global"
code-creation,LoadIC,0x561e2e80,88,"global"
code-creation,Stub,0x561e2ee0,516,"CompareStub_EQ_r1_r0_STRICT"
code-creation,Function,0x561e3100,148," native messages.js:1031",0x5619c020,
code-creation,LazyCompile,0x561e31a0,672,"captureStackTrace native messages.js:1023",0x5619a6f4,
code-creation,LoadIC,0x561e3440,100,"$Error"
code-creation,LoadIC,0x561e3440,100,"$Error"
code-creation,LoadIC,0x561e34c0,88,"kAddMessageAccessorsMarker"
code-creation,LoadIC,0x561e34c0,88,"kAddMessageAccessorsMarker"
code-creation,CallMiss,0x561e3520,200,"args_count: 2"
code-creation,CallIC,0x561e3600,124,"captureStackTrace"
code-creation,LoadIC,0x561e3680,140,""
code-creation,LoadIC,0x561e3680,140,""
code-creation,LazyCompile,0x561e3720,172,"MakeRangeError native messages.js:277",0x5619a134,
code-creation,LazyCompile,0x561e37e0,320,"MakeGenericError native messages.js:117",0x56199f44,
code-creation,Stub,0x561e3920,180,"FastNewContextStub"
code-creation,Stub,0x561e39e0,244,"CallFunction"
code-creation,Function,0x561e3ae0,396,"DefineOneShotAccessor.a.__defineSetter__.d native messages.js:683",0x5619c124,
code-creation,Function,0x561e3c80,240," native messages.js:691",0x5619c1a0,
code-creation,LazyCompile,0x561e3d80,476,"DefineOneShotAccessor native messages.js:677",0x5619a470,
code-creation,LazyCompile,0x561e4020,708,"__defineGetter__ native v8natives.js:235",0x561918f8,
code-creation,LazyCompile,0x561e4300,560,"PropertyDescriptor native v8natives.js:376",0x56191cec,
code-creation,LazyCompile,0x561e4540,168,"PropertyDescriptor.setGet native v8natives.js:462",0x56192e80,
code-creation,StoreIC,0x561e4600,148,"get_"
code-creation,StoreIC,0x561e4600,148,"get_"
code-creation,StoreIC,0x561e46a0,148,"hasGetter_"
code-creation,StoreIC,0x561e46a0,148,"hasGetter_"
code-creation,LazyCompile,0x561e4740,168,"PropertyDescriptor.setEnumerable native v8natives.js:414",0x56192b44,
code-creation,StoreIC,0x561e4800,148,"enumerable_"
code-creation,StoreIC,0x561e4800,148,"enumerable_"
code-creation,StoreIC,0x561e48a0,148,"hasEnumerable_"
code-creation,StoreIC,0x561e48a0,148,"hasEnumerable_"
code-creation,LazyCompile,0x561e4940,168,"PropertyDescriptor.setConfigurable native v8natives.js:446",0x56192d6c,
code-creation,StoreIC,0x561e4a00,148,"configurable_"
code-creation,StoreIC,0x561e4a00,148,"configurable_"
code-creation,StoreIC,0x561e4aa0,148,"hasConfigurable_"
code-creation,StoreIC,0x561e4aa0,148,"hasConfigurable_"
code-creation,Stub,0x561e4b40,80,"TypeRecordingBinaryOpStub_BIT_OR_Alloc_Uninitialized"
code-creation,LazyCompile,0x55588020,9000,"DefineOwnProperty native v8natives.js:554",0x56191eb8,
code-creation,LazyCompile,0x561e4ba0,776,"ConvertDescriptorArrayToDescriptor native v8natives.js:497",0x56191d48,
code-creation,LazyCompile,0x561e4ec0,120,"PropertyDescriptor.hasEnumerable native v8natives.js:425",0x56192bfc,
code-creation,LazyCompile,0x561e4f40,120,"PropertyDescriptor.isEnumerable native v8natives.js:420",0x56192ba0,
code-creation,Stub,0x561e4fc0,124,"TypeRecordingBinaryOpStub_BIT_OR_Alloc_SMI"
code-creation,LazyCompile,0x561e5040,120,"PropertyDescriptor.hasConfigurable native v8natives.js:452",0x56192dc8,
code-creation,LazyCompile,0x561e50c0,120,"PropertyDescriptor.isConfigurable native v8natives.js:457",0x56192e24,
code-creation,LazyCompile,0x561e5140,284,"IsDataDescriptor native v8natives.js:297",0x56191b20,
code-creation,LazyCompile,0x561e5260,332,"IsGenericDescriptor native v8natives.js:304",0x56191b7c,
code-creation,LazyCompile,0x561e53c0,284,"IsAccessorDescriptor native v8natives.js:290",0x56191ac4,
code-creation,CallIC,0x561e54e0,124,"IsAccessorDescriptor"
code-creation,LoadIC,0x561e5560,84,"hasGetter_"
code-creation,LoadIC,0x561e5560,84,"hasGetter_"
code-creation,LazyCompile,0x561e55c0,120,"PropertyDescriptor.hasGetter native v8natives.js:473",0x56192f38,
code-creation,LazyCompile,0x561e5640,120,"PropertyDescriptor.getGet native v8natives.js:468",0x56192edc,
code-creation,LazyCompile,0x561e56c0,120,"PropertyDescriptor.hasSetter native v8natives.js:489",0x5619304c,
code-creation,LazyCompile,0x561e5740,708,"__defineSetter__ native v8natives.js:258",0x561919b0,
code-creation,StoreIC,0x561e5a20,160,"value_"
code-creation,StoreIC,0x561e5a20,160,"value_"
code-creation,StoreIC,0x561e5ac0,160,"hasValue_"
code-creation,StoreIC,0x561e5ac0,160,"hasValue_"
code-creation,StoreIC,0x561e5b60,160,"writable_"
code-creation,StoreIC,0x561e5b60,160,"writable_"
code-creation,StoreIC,0x561e5c00,160,"hasWritable_"
code-creation,StoreIC,0x561e5c00,160,"hasWritable_"
code-creation,StoreIC,0x561e5ca0,160,"enumerable_"
code-creation,StoreIC,0x561e5ca0,160,"enumerable_"
code-creation,StoreIC,0x561e5d40,160,"hasEnumerable_"
code-creation,StoreIC,0x561e5d40,160,"hasEnumerable_"
code-creation,StoreIC,0x561e5de0,160,"configurable_"
code-creation,StoreIC,0x561e5de0,160,"configurable_"
code-creation,StoreIC,0x561e5e80,160,"hasConfigurable_"
code-creation,StoreIC,0x561e5e80,160,"hasConfigurable_"
code-creation,StoreIC,0x561e5f20,160,"get_"
code-creation,StoreIC,0x561e5f20,160,"get_"
code-creation,StoreIC,0x561e6020,160,"hasGetter_"
code-creation,StoreIC,0x561e6020,160,"hasGetter_"
code-creation,StoreIC,0x561e60c0,160,"set_"
code-creation,StoreIC,0x561e60c0,160,"set_"
code-creation,StoreIC,0x561e6160,160,"hasSetter_"
code-creation,StoreIC,0x561e6160,160,"hasSetter_"
code-creation,LazyCompile,0x561e6200,168,"PropertyDescriptor.setSet native v8natives.js:478",0x56192f94,
code-creation,StoreIC,0x561e62c0,148,"set_"
code-creation,StoreIC,0x561e62c0,148,"set_"
code-creation,StoreIC,0x561e6360,148,"hasSetter_"
code-creation,StoreIC,0x561e6360,148,"hasSetter_"
code-creation,CallIC,0x561e6400,124,"ConvertDescriptorArrayToDescriptor"
code-creation,LoadIC,0x561e6480,84,"hasValue_"
code-creation,LoadIC,0x561e6480,84,"hasValue_"
code-creation,LoadIC,0x561e64e0,84,"hasWritable_"
code-creation,LoadIC,0x561e64e0,84,"hasWritable_"
code-creation,LoadIC,0x561e6540,84,"hasEnumerable_"
code-creation,LoadIC,0x561e6540,84,"hasEnumerable_"
code-creation,LoadIC,0x561e65a0,84,"enumerable_"
code-creation,LoadIC,0x561e65a0,84,"enumerable_"
code-creation,Stub,0x561e6600,80,"TypeRecordingBinaryOpStub_DIV_Alloc_Uninitialized"
code-creation,LazyCompile,0x561e6660,568,"SameValue native runtime.js:576",0x5619035c,
code-creation,LoadIC,0x561e68a0,84,"hasConfigurable_"
code-creation,LoadIC,0x561e68a0,84,"hasConfigurable_"
code-creation,LoadIC,0x561e6900,84,"configurable_"
code-creation,LoadIC,0x561e6900,84,"configurable_"
code-creation,LazyCompile,0x561e6960,120,"PropertyDescriptor.hasWritable native v8natives.js:441",0x56192d10,
code-creation,LazyCompile,0x561e69e0,120,"PropertyDescriptor.hasValue native v8natives.js:409",0x56192ae8,
code-creation,LoadIC,0x561e6a60,84,"hasSetter_"
code-creation,LoadIC,0x561e6a60,84,"hasSetter_"
code-creation,LazyCompile,0x561e6ac0,120,"PropertyDescriptor.getSet native v8natives.js:484",0x56192ff0,
code-creation,LoadIC,0x561e6b40,84,"set_"
code-creation,LoadIC,0x561e6b40,84,"set_"
code-creation,CallMiss,0x561e6ba0,200,"args_count: 0"
code-creation,CallIC,0x561e6c80,128,"hasEnumerable"
code-creation,CallIC,0x561e6d00,128,"isEnumerable"
code-creation,CallIC,0x561e6d80,128,"hasConfigurable"
code-creation,CallIC,0x561e6e00,128,"isConfigurable"
code-creation,CallIC,0x561e6e80,124,"IsDataDescriptor"
code-creation,CallIC,0x561e6f00,124,"IsGenericDescriptor"
code-creation,CallIC,0x561e6f80,128,"hasGetter"
code-creation,CallIC,0x561e7000,128,"hasSetter"
code-creation,LoadIC,0x561e7080,140,""
code-creation,LoadIC,0x561e7080,140,""
code-creation,StoreIC,0x561e7120,152,"type"
code-creation,StoreIC,0x561e7120,152,"type"
code-creation,StoreIC,0x561e71c0,152,"arguments"
code-creation,StoreIC,0x561e71c0,152,"arguments"
code-creation,Script,0x561e7260,292,"native apinatives.js",0x5619c844,
code-creation,Stub,0x561e73a0,212,"FastCloneShallowArrayStub"
code-creation,Script,0x561e7480,1912,"native date.js",0x5619ebc0,
code-creation,StoreIC,0x561e7c00,148,"time"
code-creation,StoreIC,0x561e7c00,148,"time"
code-creation,StoreIC,0x561e7ca0,148,"year"
code-creation,StoreIC,0x561e7ca0,148,"year"
code-creation,Stub,0x561e7d40,136,"CompareIC"
code-creation,LazyCompile,0x561e8020,2448,"WeekDays native date.js:398",0x5619eb44,
code-creation,LazyCompile,0x561e89c0,436,"TimeClip native date.js:378",0x5619d5ec,
code-creation,LazyCompile,0x561e8b80,356,"isFinite native v8natives.js:85",0x56191504,
code-creation,Stub,0x561e8d00,216,"TypeRecordingBinaryOpStub_SUB_Alloc_HeapNumbers"
code-creation,Stub,0x561e8de0,236,"CompareIC"
code-creation,CallInitialize,0x561e8ee0,200,"args_count: 6"
code-creation,CallInitialize,0x561e8fc0,200,"args_count: 92"
code-creation,LazyCompile,0x561e90a0,2400,"SetupDate native date.js:1040",0x5619eae8,
code-creation,CallPreMonomorphic,0x561e9a00,200,"args_count: 6"
code-creation,CallPreMonomorphic,0x561e9ae0,200,"args_count: 92"
code-creation,Script,0x561e9bc0,276,"native json.js",0x5619fd04,
code-creation,LazyCompile,0x561e9ce0,276,"SetupJSON native json.js:335",0x5619fc88,
code-creation,Script,0x561ea020,552,"native regexp.js",0x561a064c,
code-creation,Function,0x561ea260,212,"RegExpGetInput native regexp.js:422",0x561a094c,
code-creation,Function,0x561ea340,188,"RegExpSetInput native regexp.js:426",0x561a09c8,
code-creation,Function,0x561ea400,104,"RegExpGetMultiline native regexp.js:446",0x561a0a40,
code-creation,Function,0x561ea480,256,"RegExpSetMultiline native regexp.js:447",0x561a0abc,
code-creation,Function,0x561ea580,92,"NoOpSetter native regexp.js:455",0x561a0b38,
code-creation,CallInitialize,0x561ea5e0,200,"args_count: 8"
code-creation,CallInitialize,0x561ea6c0,200,"args_count: 1"
code-creation,LazyCompile,0x561ea7a0,4052,"SetupRegExp native regexp.js:403",0x561a05d0,
code-creation,LazyCompile,0x561eb780,328,"RegExpConstructor native regexp.js:81",0x561a0124,
code-creation,CallPreMonomorphic,0x561eb8e0,200,"args_count: 8"
code-creation,LazyCompile,0x561eb9c0,496,"ToPrimitive native runtime.js:482",0x5618ff60,
code-creation,CallPreMonomorphic,0x561ebbc0,200,"args_count: 1"
code-creation,Stub,0x561ebca0,80,"TypeRecordingBinaryOpStub_MUL_Alloc_Uninitialized"
code-creation,Stub,0x561ebd00,80,"TypeRecordingBinaryOpStub_ADD_OverwriteRight_Uninitialized"
code-creation,Function,0x561ec020,900," native regexp.js:366",0x561a965c,
code-creation,LazyCompile,0x561ec3c0,212,"RegExpMakeCaptureGetter native regexp.js:365",0x561a0574,
code-creation,CallIC,0x561ec4a0,124,"ToPrimitive"
code-creation,LoadIC,0x561ec520,88,"$RegExp"
code-creation,LoadIC,0x561ec520,88,"$RegExp"
code-creation,CallIC,0x561ec580,124,"RegExpMakeCaptureGetter"
code-delete,0x561d8ae0
code-delete,0x561d8fe0
code-delete,0x561dd480
code-delete,0x561dd520
code-delete,0x561dd5a0
code-delete,0x561dd620
code-delete,0x561dd6a0
code-delete,0x561de940
code-delete,0x561dea80
code-delete,0x561e2e80
code-delete,0x561e3440
code-delete,0x561e34c0
code-delete,0x561e3600
code-delete,0x561e3680
code-delete,0x561e4600
code-delete,0x561e46a0
code-delete,0x561e4800
code-delete,0x561e48a0
code-delete,0x561e4a00
code-delete,0x561e4aa0
code-delete,0x561e54e0
code-delete,0x561e5560
code-delete,0x561e5a20
code-delete,0x561e5ac0
code-delete,0x561e5b60
code-delete,0x561e5c00
code-delete,0x561e5ca0
code-delete,0x561e5d40
code-delete,0x561e5de0
code-delete,0x561e5e80
code-delete,0x561e5f20
code-delete,0x561e6020
code-delete,0x561e60c0
code-delete,0x561e6160
code-delete,0x561e62c0
code-delete,0x561e6360
code-delete,0x561e6400
code-delete,0x561e6480
code-delete,0x561e64e0
code-delete,0x561e6540
code-delete,0x561e65a0
code-delete,0x561e68a0
code-delete,0x561e6900
code-delete,0x561e6a60
code-delete,0x561e6b40
code-delete,0x561e6c80
code-delete,0x561e6d00
code-delete,0x561e6d80
code-delete,0x561e6e00
code-delete,0x561e6e80
code-delete,0x561e6f00
code-delete,0x561e6f80
code-delete,0x561e7000
code-delete,0x561e7080
code-delete,0x561e7120
code-delete,0x561e71c0
code-delete,0x561e7c00
code-delete,0x561e7ca0
code-delete,0x561ec4a0
code-delete,0x561ec520
code-delete,0x561ec580
sfi-move,0x5618e228,0x5618e228
sfi-move,0x5618e2b4,0x5618e2b4
sfi-move,0x5618e38c,0x5618e38c
sfi-move,0x5618e40c,0x5618e40c
sfi-move,0x5618e48c,0x5618e48c
sfi-move,0x5618e524,0x5618e524
sfi-move,0x5618e5b4,0x5618e5b4
sfi-move,0x5618e634,0x5618e634
sfi-move,0x5618e6b4,0x5618e6b4
sfi-move,0x5618e734,0x5618e734
sfi-move,0x5618e7b4,0x5618e7b4
sfi-move,0x5618e834,0x5618e834
sfi-move,0x5618e8b4,0x5618e8b4
sfi-move,0x5618e934,0x5618e934
sfi-move,0x5618e9c0,0x5618e9c0
sfi-move,0x5618ea60,0x5618ea60
sfi-move,0x5618eae0,0x5618eae0
sfi-move,0x5618eb60,0x5618eb60
sfi-move,0x5618ebe0,0x5618ebe0
sfi-move,0x5618ec60,0x5618ec60
sfi-move,0x5618ee8c,0x5618ee8c
sfi-move,0x5618f014,0x5618f014
sfi-move,0x5618f094,0x5618f094
sfi-move,0x5618f158,0x5618f158
sfi-move,0x5618f1e4,0x5618f1e4
sfi-move,0x5618f498,0x5618f448
sfi-move,0x5618f4f4,0x5618f4a4
sfi-move,0x5618f550,0x5618f500
sfi-move,0x5618f5ac,0x5618f55c
sfi-move,0x5618f608,0x5618f5b8
sfi-move,0x5618f664,0x5618f614
sfi-move,0x5618f6c0,0x5618f670
sfi-move,0x5618f71c,0x5618f6cc
sfi-move,0x5618f778,0x5618f728
sfi-move,0x5618f7d4,0x5618f784
sfi-move,0x5618f830,0x5618f7e0
sfi-move,0x5618f88c,0x5618f83c
sfi-move,0x5618f8e8,0x5618f898
sfi-move,0x5618f944,0x5618f8f4
sfi-move,0x5618f9a0,0x5618f950
sfi-move,0x5618f9fc,0x5618f9ac
sfi-move,0x5618fa58,0x5618fa08
sfi-move,0x5618fab4,0x5618fa64
sfi-move,0x5618fb10,0x5618fac0
sfi-move,0x5618fb6c,0x5618fb1c
sfi-move,0x5618fbc8,0x5618fb78
sfi-move,0x5618fc24,0x5618fbd4
sfi-move,0x5618fc80,0x5618fc30
sfi-move,0x5618fcdc,0x5618fc8c
sfi-move,0x5618fd38,0x5618fce8
sfi-move,0x5618fd94,0x5618fd44
sfi-move,0x5618fdf0,0x5618fda0
sfi-move,0x5618fe4c,0x5618fdfc
sfi-move,0x5618fea8,0x5618fe58
sfi-move,0x5618ff04,0x5618feb4
sfi-move,0x5618ff60,0x5618ff10
sfi-move,0x56190020,0x5618ffa4
sfi-move,0x5619007c,0x56190020
sfi-move,0x561900d8,0x5619007c
sfi-move,0x56190134,0x561900d8
sfi-move,0x56190190,0x56190134
sfi-move,0x561901ec,0x56190190
sfi-move,0x56190248,0x561901ec
sfi-move,0x561902a4,0x56190248
sfi-move,0x56190300,0x561902a4
sfi-move,0x5619035c,0x56190300
sfi-move,0x561903b8,0x5619035c
sfi-move,0x56190414,0x561903b8
sfi-move,0x56190470,0x56190414
sfi-move,0x561904ec,0x56190490
sfi-move,0x561913f0,0x56191250
sfi-move,0x5619144c,0x561912ac
sfi-move,0x561914a8,0x56191308
sfi-move,0x56191504,0x56191364
sfi-move,0x56191560,0x561913c0
sfi-move,0x561915bc,0x5619141c
sfi-move,0x56191618,0x56191478
sfi-move,0x56191674,0x561914d4
sfi-move,0x561916d0,0x56191530
sfi-move,0x5619172c,0x5619158c
sfi-move,0x56191788,0x561915e8
sfi-move,0x561917e4,0x56191644
sfi-move,0x56191840,0x561916a0
sfi-move,0x5619189c,0x561916fc
sfi-move,0x561918f8,0x56191758
sfi-move,0x56191954,0x561917b4
sfi-move,0x561919b0,0x56191810
sfi-move,0x56191a0c,0x5619186c
sfi-move,0x56191a68,0x561918c8
sfi-move,0x56191ac4,0x56191924
sfi-move,0x56191b20,0x56191980
sfi-move,0x56191b7c,0x561919dc
sfi-move,0x56191bd8,0x56191a38
sfi-move,0x56191c34,0x56191a94
sfi-move,0x56191c90,0x56191af0
sfi-move,0x56191cec,0x56191b4c
sfi-move,0x56191d48,0x56191ba8
sfi-move,0x56191da4,0x56191c04
sfi-move,0x56191e00,0x56191c60
sfi-move,0x56191e5c,0x56191cbc
sfi-move,0x56191eb8,0x56191d18
sfi-move,0x56191f14,0x56191d74
sfi-move,0x56191f70,0x56191dd0
sfi-move,0x56192020,0x56191e58
sfi-move,0x5619207c,0x56191eb4
sfi-move,0x561920d8,0x56191f10
sfi-move,0x56192134,0x56191f6c
sfi-move,0x56192190,0x56192020
sfi-move,0x561921ec,0x5619207c
sfi-move,0x56192248,0x561920d8
sfi-move,0x561922a4,0x56192134
sfi-move,0x56192300,0x56192190
sfi-move,0x5619235c,0x561921ec
sfi-move,0x561923b8,0x56192248
sfi-move,0x56192414,0x561922a4
sfi-move,0x56192470,0x56192300
sfi-move,0x561924cc,0x5619235c
sfi-move,0x56192528,0x561923b8
sfi-move,0x56192584,0x56192414
sfi-move,0x561925e0,0x56192470
sfi-move,0x5619263c,0x561924cc
sfi-move,0x56192698,0x56192528
sfi-move,0x561926f4,0x56192584
sfi-move,0x56192750,0x561925e0
sfi-move,0x561927ac,0x5619263c
sfi-move,0x56192808,0x56192698
sfi-move,0x56192864,0x561926f4
sfi-move,0x561928c0,0x56192750
sfi-move,0x5619291c,0x561927ac
sfi-move,0x56192978,0x56192808
sfi-move,0x561929d4,0x56192864
sfi-move,0x56192a30,0x561928c0
sfi-move,0x56192a8c,0x5619291c
sfi-move,0x56192ae8,0x56192978
sfi-move,0x56192b44,0x561929d4
sfi-move,0x56192ba0,0x56192a30
sfi-move,0x56192bfc,0x56192a8c
sfi-move,0x56192c58,0x56192ae8
sfi-move,0x56192cb4,0x56192b44
sfi-move,0x56192d10,0x56192ba0
sfi-move,0x56192d6c,0x56192bfc
sfi-move,0x56192dc8,0x56192c58
sfi-move,0x56192e24,0x56192cb4
sfi-move,0x56192e80,0x56192d10
sfi-move,0x56192edc,0x56192d6c
sfi-move,0x56192f38,0x56192dc8
sfi-move,0x56192f94,0x56192e24
sfi-move,0x56192ff0,0x56192e80
sfi-move,0x5619304c,0x56192edc
sfi-move,0x561930a8,0x56192f38
sfi-move,0x56193104,0x56192f94
sfi-move,0x56193180,0x56193010
sfi-move,0x561941cc,0x56193fa4
sfi-move,0x56194228,0x56194020
sfi-move,0x56194284,0x5619407c
sfi-move,0x561942e0,0x561940d8
sfi-move,0x5619433c,0x56194134
sfi-move,0x56194398,0x56194190
sfi-move,0x561943f4,0x561941ec
sfi-move,0x56194450,0x56194248
sfi-move,0x561944ac,0x561942a4
sfi-move,0x56194508,0x56194300
sfi-move,0x56194564,0x5619435c
sfi-move,0x561945c0,0x561943b8
sfi-move,0x5619461c,0x56194414
sfi-move,0x56194678,0x56194470
sfi-move,0x561946d4,0x561944cc
sfi-move,0x56194730,0x56194528
sfi-move,0x5619478c,0x56194584
sfi-move,0x561947e8,0x561945e0
sfi-move,0x56194844,0x5619463c
sfi-move,0x561948a0,0x56194698
sfi-move,0x561948fc,0x561946f4
sfi-move,0x56194958,0x56194750
sfi-move,0x561949b4,0x561947ac
sfi-move,0x56194a10,0x56194808
sfi-move,0x56194a6c,0x56194864
sfi-move,0x56194ac8,0x561948c0
sfi-move,0x56194b24,0x5619491c
sfi-move,0x56194b80,0x56194978
sfi-move,0x56194bdc,0x561949d4
sfi-move,0x56194c38,0x56194a30
sfi-move,0x56194c94,0x56194a8c
sfi-move,0x56194cf0,0x56194ae8
sfi-move,0x56194d4c,0x56194b44
sfi-move,0x56194da8,0x56194ba0
sfi-move,0x56194e24,0x56194c1c
sfi-move,0x56195454,0x56195228
sfi-move,0x561954cc,0x561952a0
sfi-move,0x56195550,0x56195324
sfi-move,0x561955d0,0x561953a4
sfi-move,0x56195650,0x56195424
sfi-move,0x561956d0,0x561954a4
sfi-move,0x56195750,0x56195524
sfi-move,0x561957d0,0x561955a4
sfi-move,0x56195850,0x56195624
sfi-move,0x56195bbc,0x56195930
sfi-move,0x56195c18,0x5619598c
sfi-move,0x56195c74,0x561959e8
sfi-move,0x56195cd0,0x56195a44
sfi-move,0x56195d2c,0x56195aa0
sfi-move,0x56195d88,0x56195afc
sfi-move,0x56195de4,0x56195b58
sfi-move,0x56195e40,0x56195bb4
sfi-move,0x56195e9c,0x56195c10
sfi-move,0x56195ef8,0x56195c6c
sfi-move,0x56195f54,0x56195cc8
sfi-move,0x56196020,0x56195d64
sfi-move,0x5619607c,0x56195dc0
sfi-move,0x561960d8,0x56195e1c
sfi-move,0x56196134,0x56195e78
sfi-move,0x56196190,0x56195ed4
sfi-move,0x561961ec,0x56195f30
sfi-move,0x56196248,0x56195f8c
sfi-move,0x561962a4,0x56196020
sfi-move,0x56196300,0x5619607c
sfi-move,0x5619635c,0x561960d8
sfi-move,0x561963b8,0x56196134
sfi-move,0x56196414,0x56196190
sfi-move,0x56196470,0x561961ec
sfi-move,0x561964cc,0x56196248
sfi-move,0x56196528,0x561962a4
sfi-move,0x56196584,0x56196300
sfi-move,0x561965e0,0x5619635c
sfi-move,0x5619663c,0x561963b8
sfi-move,0x56196698,0x56196414
sfi-move,0x561966f4,0x56196470
sfi-move,0x56196750,0x561964cc
sfi-move,0x561967ac,0x56196528
sfi-move,0x56196808,0x56196584
sfi-move,0x56196864,0x561965e0
sfi-move,0x561968c0,0x5619663c
sfi-move,0x5619691c,0x56196698
sfi-move,0x56196978,0x561966f4
sfi-move,0x561969d4,0x56196750
sfi-move,0x56196a30,0x561967ac
sfi-move,0x56196a8c,0x56196808
sfi-move,0x56196ae8,0x56196864
sfi-move,0x56196b44,0x561968c0
sfi-move,0x56196ba0,0x5619691c
sfi-move,0x56196bfc,0x56196978
sfi-move,0x56196c58,0x561969d4
sfi-move,0x56196cb4,0x56196a30
sfi-move,0x56196d10,0x56196a8c
sfi-move,0x56196d6c,0x56196ae8
sfi-move,0x56196de8,0x56196b64
sfi-move,0x56197750,0x56197408
sfi-move,0x561977ac,0x56197464
sfi-move,0x56197808,0x561974c0
sfi-move,0x56197864,0x5619751c
sfi-move,0x561978c0,0x56197578
sfi-move,0x5619791c,0x561975d4
sfi-move,0x56197978,0x56197630
sfi-move,0x561979d4,0x5619768c
sfi-move,0x56197a30,0x561976e8
sfi-move,0x56197a8c,0x56197744
sfi-move,0x56197ae8,0x561977a0
sfi-move,0x56197b44,0x561977fc
sfi-move,0x56197ba0,0x56197858
sfi-move,0x56197bfc,0x561978b4
sfi-move,0x56197c58,0x56197910
sfi-move,0x56197cb4,0x5619796c
sfi-move,0x56197d10,0x561979c8
sfi-move,0x56197d6c,0x56197a24
sfi-move,0x56197dc8,0x56197a80
sfi-move,0x56197e44,0x56197afc
sfi-move,0x561982d8,0x56197f40
sfi-move,0x56198334,0x56197f9c
sfi-move,0x56198390,0x56198020
sfi-move,0x561983ec,0x5619807c
sfi-move,0x56198448,0x561980d8
sfi-move,0x561984a4,0x56198134
sfi-move,0x56198500,0x56198190
sfi-move,0x5619855c,0x561981ec
sfi-move,0x561985b8,0x56198248
sfi-move,0x56198614,0x561982a4
sfi-move,0x56198670,0x56198300
sfi-move,0x561986cc,0x5619835c
sfi-move,0x56198728,0x561983b8
sfi-move,0x56198784,0x56198414
sfi-move,0x561987e0,0x56198470
sfi-move,0x5619883c,0x561984cc
sfi-move,0x56198898,0x56198528
sfi-move,0x561988f4,0x56198584
sfi-move,0x56198950,0x561985e0
sfi-move,0x561989ac,0x5619863c
sfi-move,0x56198a28,0x561986b8
sfi-move,0x56199dd4,0x56198bd4
sfi-move,0x56199e30,0x56198c30
sfi-move,0x56199e8c,0x56198c8c
sfi-move,0x56199ee8,0x56198ce8
sfi-move,0x56199f44,0x56198d44
sfi-move,0x56199fa0,0x56198da0
sfi-move,0x5619a020,0x56198dfc
sfi-move,0x5619a07c,0x56198e58
sfi-move,0x5619a0d8,0x56198eb4
sfi-move,0x5619a134,0x56198f10
sfi-move,0x5619a190,0x56198f6c
sfi-move,0x5619a1ec,0x56198fc8
sfi-move,0x5619a248,0x56199024
sfi-move,0x5619a2a4,0x56199080
sfi-move,0x5619a300,0x561990dc
sfi-move,0x5619a35c,0x56199138
sfi-move,0x5619a3b8,0x56199194
sfi-move,0x5619a414,0x561991f0
sfi-move,0x5619a470,0x5619924c
sfi-move,0x5619a4cc,0x561992a8
sfi-move,0x5619a528,0x56199304
sfi-move,0x5619a584,0x56199360
sfi-move,0x5619a5e0,0x561993bc
sfi-move,0x5619a63c,0x56199418
sfi-move,0x5619a698,0x56199474
sfi-move,0x5619a6f4,0x561994d0
sfi-move,0x5619a750,0x5619952c
sfi-move,0x5619a7ac,0x56199588
sfi-move,0x5619a808,0x561995e4
sfi-move,0x5619a864,0x56199640
sfi-move,0x5619a8c0,0x5619969c
sfi-move,0x5619a91c,0x561996f8
sfi-move,0x5619a978,0x56199754
sfi-move,0x5619a9d4,0x561997b0
sfi-move,0x5619aa30,0x5619980c
sfi-move,0x5619aa8c,0x56199868
sfi-move,0x5619aae8,0x561998c4
sfi-move,0x5619ab44,0x56199920
sfi-move,0x5619aba0,0x5619997c
sfi-move,0x5619abfc,0x561999d8
sfi-move,0x5619ac58,0x56199a34
sfi-move,0x5619acb4,0x56199a90
sfi-move,0x5619ad10,0x56199aec
sfi-move,0x5619ad6c,0x56199b48
sfi-move,0x5619adc8,0x56199ba4
sfi-move,0x5619ae24,0x56199c00
sfi-move,0x5619ae80,0x56199c5c
sfi-move,0x5619aedc,0x56199cb8
sfi-move,0x5619af38,0x56199d14
sfi-move,0x5619af94,0x56199d70
sfi-move,0x5619aff0,0x56199dcc
sfi-move,0x5619b04c,0x56199e28
sfi-move,0x5619b0a8,0x56199e84
sfi-move,0x5619b104,0x56199ee0
sfi-move,0x5619b160,0x56199f3c
sfi-move,0x5619b1bc,0x56199f98
sfi-move,0x5619b218,0x5619a020
sfi-move,0x5619b274,0x5619a07c
sfi-move,0x5619b2d0,0x5619a0d8
sfi-move,0x5619b32c,0x5619a134
sfi-move,0x5619b388,0x5619a190
sfi-move,0x5619b404,0x5619a20c
sfi-move,0x5619be18,0x5619abe0
sfi-move,0x5619be94,0x5619ac5c
sfi-move,0x5619bf10,0x5619acd8
sfi-move,0x5619c020,0x5619ad84
sfi-move,0x5619c124,0x5619ae7c
sfi-move,0x5619c1a0,0x5619aef8
sfi-move,0x5619c6b8,0x5619b35c
sfi-move,0x5619c714,0x5619b3b8
sfi-move,0x5619c770,0x5619b414
sfi-move,0x5619c7cc,0x5619b470
sfi-move,0x5619c844,0x5619b4e8
sfi-move,0x5619ce04,0x5619ba60
sfi-move,0x5619ce60,0x5619babc
sfi-move,0x5619cebc,0x5619bb18
sfi-move,0x5619cf18,0x5619bb74
sfi-move,0x5619cf74,0x5619bbd0
sfi-move,0x5619cfd0,0x5619bc2c
sfi-move,0x5619d02c,0x5619bc88
sfi-move,0x5619d088,0x5619bce4
sfi-move,0x5619d0e4,0x5619bd40
sfi-move,0x5619d140,0x5619bd9c
sfi-move,0x5619d19c,0x5619bdf8
sfi-move,0x5619d1f8,0x5619be54
sfi-move,0x5619d254,0x5619beb0
sfi-move,0x5619d2b0,0x5619bf0c
sfi-move,0x5619d30c,0x5619bf68
sfi-move,0x5619d368,0x5619c020
sfi-move,0x5619d3c4,0x5619c07c
sfi-move,0x5619d420,0x5619c0d8
sfi-move,0x5619d47c,0x5619c134
sfi-move,0x5619d4d8,0x5619c190
sfi-move,0x5619d534,0x5619c1ec
sfi-move,0x5619d590,0x5619c248
sfi-move,0x5619d5ec,0x5619c2a4
sfi-move,0x5619d648,0x5619c300
sfi-move,0x5619d6a4,0x5619c35c
sfi-move,0x5619d700,0x5619c3b8
sfi-move,0x5619d75c,0x5619c414
sfi-move,0x5619d7b8,0x5619c470
sfi-move,0x5619d814,0x5619c4cc
sfi-move,0x5619d870,0x5619c528
sfi-move,0x5619d8cc,0x5619c584
sfi-move,0x5619d928,0x5619c5e0
sfi-move,0x5619d984,0x5619c63c
sfi-move,0x5619d9e0,0x5619c698
sfi-move,0x5619da3c,0x5619c6f4
sfi-move,0x5619da98,0x5619c750
sfi-move,0x5619daf4,0x5619c7ac
sfi-move,0x5619db50,0x5619c808
sfi-move,0x5619dbac,0x5619c864
sfi-move,0x5619dc08,0x5619c8c0
sfi-move,0x5619dc64,0x5619c91c
sfi-move,0x5619dcc0,0x5619c978
sfi-move,0x5619dd1c,0x5619c9d4
sfi-move,0x5619dd78,0x5619ca30
sfi-move,0x5619ddd4,0x5619ca8c
sfi-move,0x5619de30,0x5619cae8
sfi-move,0x5619de8c,0x5619cb44
sfi-move,0x5619dee8,0x5619cba0
sfi-move,0x5619df44,0x5619cbfc
sfi-move,0x5619dfa0,0x5619cc58
sfi-move,0x5619e020,0x5619ccb4
sfi-move,0x5619e07c,0x5619cd10
sfi-move,0x5619e0d8,0x5619cd6c
sfi-move,0x5619e134,0x5619cdc8
sfi-move,0x5619e190,0x5619ce24
sfi-move,0x5619e1ec,0x5619ce80
sfi-move,0x5619e248,0x5619cedc
sfi-move,0x5619e2a4,0x5619cf38
sfi-move,0x5619e300,0x5619cf94
sfi-move,0x5619e35c,0x5619cff0
sfi-move,0x5619e3b8,0x5619d04c
sfi-move,0x5619e414,0x5619d0a8
sfi-move,0x5619e470,0x5619d104
sfi-move,0x5619e4cc,0x5619d160
sfi-move,0x5619e528,0x5619d1bc
sfi-move,0x5619e584,0x5619d218
sfi-move,0x5619e5e0,0x5619d274
sfi-move,0x5619e63c,0x5619d2d0
sfi-move,0x5619e698,0x5619d32c
sfi-move,0x5619e6f4,0x5619d388
sfi-move,0x5619e750,0x5619d3e4
sfi-move,0x5619e7ac,0x5619d440
sfi-move,0x5619e808,0x5619d49c
sfi-move,0x5619e864,0x5619d4f8
sfi-move,0x5619e8c0,0x5619d554
sfi-move,0x5619e91c,0x5619d5b0
sfi-move,0x5619e978,0x5619d60c
sfi-move,0x5619e9d4,0x5619d668
sfi-move,0x5619ea30,0x5619d6c4
sfi-move,0x5619ea8c,0x5619d720
sfi-move,0x5619eae8,0x5619d77c
sfi-move,0x5619eb44,0x5619d7d8
sfi-move,0x5619ebc0,0x5619d854
sfi-move,0x5619f94c,0x5619e584
sfi-move,0x5619f9a8,0x5619e5e0
sfi-move,0x5619fa04,0x5619e63c
sfi-move,0x5619fa60,0x5619e698
sfi-move,0x5619fabc,0x5619e6f4
sfi-move,0x5619fb18,0x5619e750
sfi-move,0x5619fb74,0x5619e7ac
sfi-move,0x5619fbd0,0x5619e808
sfi-move,0x5619fc2c,0x5619e864
sfi-move,0x5619fc88,0x5619e8c0
sfi-move,0x5619fd04,0x5619e93c
sfi-move,0x561a00c8,0x5619ec48
sfi-move,0x561a0124,0x5619eca4
sfi-move,0x561a0180,0x5619ed00
sfi-move,0x561a01dc,0x5619ed5c
sfi-move,0x561a0238,0x5619edb8
sfi-move,0x561a0294,0x5619ee14
sfi-move,0x561a02f0,0x5619ee70
sfi-move,0x561a034c,0x5619eecc
sfi-move,0x561a03a8,0x5619ef28
sfi-move,0x561a0404,0x5619ef84
sfi-move,0x561a0460,0x5619efe0
sfi-move,0x561a04bc,0x5619f03c
sfi-move,0x561a0518,0x5619f098
sfi-move,0x561a0574,0x5619f0f4
sfi-move,0x561a05d0,0x5619f150
sfi-move,0x561a064c,0x5619f1cc
sfi-move,0x561a094c,0x5619f4a8
sfi-move,0x561a09c8,0x5619f524
sfi-move,0x561a0a40,0x5619f59c
sfi-move,0x561a0abc,0x5619f618
sfi-move,0x561a0b38,0x5619f694
sfi-move,0x561a965c,0x561a7470
sfi-move,0x561a9770,0x561a7584
sfi-move,0x561a97f0,0x561a7604
code-move,0x561ce020,0x561ce020
code-move,0x561ce160,0x561ce160
code-move,0x561ce2a0,0x561ce2a0
code-move,0x561ce2e0,0x561ce2e0
code-move,0x561ce320,0x561ce320
code-move,0x561ce360,0x561ce360
code-move,0x561ce3a0,0x561ce3a0
code-move,0x561ce3e0,0x561ce3e0
code-move,0x561ce420,0x561ce420
code-move,0x561ce460,0x561ce460
code-move,0x561ce4a0,0x561ce4a0
code-move,0x561ce4e0,0x561ce4e0
code-move,0x561ce520,0x561ce520
code-move,0x561ce560,0x561ce560
code-move,0x561ce5a0,0x561ce5a0
code-move,0x561ce5e0,0x561ce5e0
code-move,0x561ce620,0x561ce620
code-move,0x561ce660,0x561ce660
code-move,0x561ce6a0,0x561ce6a0
code-move,0x561ce6e0,0x561ce6e0
code-move,0x561ce720,0x561ce720
code-move,0x561ce760,0x561ce760
code-move,0x561ce840,0x561ce840
code-move,0x561ce8c0,0x561ce8c0
code-move,0x561ceb20,0x561ceb20
code-move,0x561ced40,0x561ced40
code-move,0x561cef40,0x561cef40
code-move,0x561cf020,0x561cf020
code-move,0x561cf0e0,0x561cf0e0
code-move,0x561cf160,0x561cf160
code-move,0x561cf1e0,0x561cf1e0
code-move,0x561cf280,0x561cf280
code-move,0x561cf320,0x561cf320
code-move,0x561cf3a0,0x561cf3a0
code-move,0x561cf400,0x561cf400
code-move,0x561cf440,0x561cf440
code-move,0x561cf4a0,0x561cf4a0
code-move,0x561cf4e0,0x561cf4e0
code-move,0x561cf540,0x561cf540
code-move,0x561cf5a0,0x561cf5a0
code-move,0x561cf6e0,0x561cf6e0
code-move,0x561cf740,0x561cf740
code-move,0x561cf7a0,0x561cf7a0
code-move,0x561cf840,0x561cf840
code-move,0x561cf8e0,0x561cf8e0
code-move,0x561cfa00,0x561cfa00
code-move,0x561cfa40,0x561cfa40
code-move,0x561cfa80,0x561cfa80
code-move,0x561d0020,0x561d0020
code-move,0x561d02c0,0x561d02c0
code-move,0x561d0340,0x561d0340
code-move,0x561d03a0,0x561d03a0
code-move,0x561d0440,0x561d0440
code-move,0x561d05c0,0x561d05c0
code-move,0x561d06e0,0x561d06e0
code-move,0x561d0740,0x561d0740
code-move,0x561d07a0,0x561d07a0
code-move,0x561d0840,0x561d0840
code-move,0x561d09c0,0x561d09c0
code-move,0x561d0ae0,0x561d0ae0
code-move,0x561d0b40,0x561d0b40
code-move,0x561d0b80,0x561d0b80
code-move,0x561d0cc0,0x561d0cc0
code-move,0x561d0d00,0x561d0d00
code-move,0x561d0e40,0x561d0e40
code-move,0x561d0fe0,0x561d0fe0
code-move,0x561d11a0,0x561d11a0
code-move,0x561d1400,0x561d1400
code-move,0x561d1660,0x561d1660
code-move,0x561d1820,0x561d1820
code-move,0x561d1b80,0x561d1b80
code-move,0x561d1c00,0x561d1c00
code-move,0x561d1c80,0x561d1c80
code-move,0x561d1d00,0x561d1d00
code-move,0x561d1d80,0x561d1d80
code-move,0x561d1e00,0x561d1e00
code-move,0x561d1e80,0x561d1e80
code-move,0x561d1f00,0x561d1f00
code-move,0x561d1f80,0x561d1f80
code-move,0x561d2020,0x561d2020
code-move,0x561d2080,0x561d2080
code-move,0x561d20c0,0x561d20c0
code-move,0x561d2400,0x561d2400
code-move,0x561d24e0,0x561d24e0
code-move,0x561d25c0,0x561d25c0
code-move,0x561d2be0,0x561d2be0
code-move,0x561d2d60,0x561d2d60
code-move,0x561d2e40,0x561d2e40
code-move,0x561d2ee0,0x561d2ee0
code-move,0x561d3380,0x561d3380
code-move,0x561d3840,0x561d3840
code-move,0x561d3b60,0x561d3b60
code-move,0x561d3ca0,0x561d3ca0
code-move,0x561d3de0,0x561d3de0
code-move,0x561d4020,0x561d4020
code-move,0x561d4160,0x561d4160
code-move,0x561d42a0,0x561d42a0
code-move,0x561d4460,0x561d4460
code-move,0x561d45a0,0x561d45a0
code-move,0x561d4680,0x561d4680
code-move,0x561d4760,0x561d4760
code-move,0x561d48a0,0x561d48a0
code-move,0x561d4a60,0x561d4a60
code-move,0x561d4ba0,0x561d4ba0
code-move,0x561d4c80,0x561d4c80
code-move,0x561d4d60,0x561d4d60
code-move,0x561d4f80,0x561d4f80
code-move,0x561d5060,0x561d5060
code-move,0x561d5120,0x561d5120
code-move,0x561d5400,0x561d5400
code-move,0x561d5480,0x561d5480
code-move,0x561d55a0,0x561d55a0
code-move,0x561d56c0,0x561d56c0
code-move,0x561d58a0,0x561d58a0
code-move,0x561d5a80,0x561d5a80
code-move,0x561d5b20,0x561d5b20
code-move,0x561d5bc0,0x561d5bc0
code-move,0x561d5c60,0x561d5c60
code-move,0x561d5d00,0x561d5d00
code-move,0x561d6020,0x561d6020
code-move,0x561d62a0,0x561d62a0
code-move,0x561d6540,0x561d6540
code-move,0x561d65e0,0x561d65e0
code-move,0x561d6680,0x561d6680
code-move,0x561d6720,0x561d6720
code-move,0x561d67e0,0x561d67e0
code-move,0x561d6ce0,0x561d6ce0
code-move,0x561d6dc0,0x561d6dc0
code-move,0x561d6ea0,0x561d6ea0
code-move,0x561d7d80,0x561d7d80
code-move,0x561d7e60,0x561d7e60
code-move,0x561d8020,0x561d8020
code-move,0x561d8100,0x561d8100
code-move,0x561d83a0,0x561d83a0
code-move,0x561d8480,0x561d8480
code-move,0x561d8560,0x561d8560
code-move,0x561d85c0,0x561d85c0
code-move,0x561d8620,0x561d8620
code-move,0x561d8900,0x561d8900
code-move,0x561d89a0,0x561d89a0
code-move,0x561d8a40,0x561d8a40
code-move,0x561d8b60,0x561d8ae0
code-move,0x561d8be0,0x561d8b60
code-move,0x561d8d20,0x561d8ca0
code-move,0x561d8e00,0x561d8d80
code-move,0x561d9080,0x561d8f60
code-move,0x561d9220,0x561d9100
code-move,0x561d9300,0x561d91e0
code-move,0x561d93e0,0x561d92c0
code-move,0x561d98c0,0x561d97a0
code-move,0x561d99a0,0x561d9880
code-move,0x561d9a80,0x561d9960
code-move,0x561d9b60,0x561d9a40
code-move,0x561d9ca0,0x561d9b80
code-move,0x561d9d80,0x561d9c60
code-move,0x561d9ee0,0x561d9dc0
code-move,0x561da020,0x561da020
code-move,0x561da240,0x561da240
code-move,0x561da320,0x561da320
code-move,0x561da7e0,0x561da7e0
code-move,0x561da8c0,0x561da8c0
code-move,0x561da920,0x561da920
code-move,0x561da9c0,0x561da9c0
code-move,0x561daa20,0x561daa20
code-move,0x561daa80,0x561daa80
code-move,0x561dab80,0x561dab80
code-move,0x561db0c0,0x561db0c0
code-move,0x561db200,0x561db200
code-move,0x561db320,0x561db320
code-move,0x561db3e0,0x561db3e0
code-move,0x561db540,0x561db540
code-move,0x561db600,0x561db600
code-move,0x561db700,0x561db700
code-move,0x561db800,0x561db800
code-move,0x561db8e0,0x561db8e0
code-move,0x561dc020,0x561dc020
code-move,0x561dcda0,0x561dcda0
code-move,0x561dce80,0x561dce80
code-move,0x561dcf60,0x561dcf60
code-move,0x561dd1a0,0x561dd1a0
code-move,0x561dd3a0,0x561dd3a0
code-move,0x561dd720,0x561dd480
code-move,0x561dd800,0x561dd560
code-move,0x561dd900,0x561dd660
code-move,0x561dd9c0,0x561dd720
code-move,0x561dde60,0x561ddbc0
code-move,0x561de020,0x561ddd60
code-move,0x561de100,0x561de020
code-move,0x561de860,0x561de780
code-move,0x561de9a0,0x561de860
code-move,0x561deb00,0x561de940
code-move,0x561dec20,0x561dea60
code-move,0x561dede0,0x561dec20
code-move,0x561df0e0,0x561def20
code-move,0x561df140,0x561def80
code-move,0x561df220,0x561df060
code-move,0x561df8e0,0x561df720
code-move,0x561e0020,0x561e0020
code-move,0x561e15c0,0x561e15c0
code-move,0x561e1680,0x561e1680
code-move,0x561e16e0,0x561e16e0
code-move,0x561e17c0,0x561e17c0
code-move,0x561e1a60,0x561e1a60
code-move,0x561e2020,0x561e2020
code-move,0x561e25e0,0x561e25e0
code-move,0x561e2ba0,0x561e2ba0
code-move,0x561e2c40,0x561e2c40
code-move,0x561e2ee0,0x561e2e80
code-move,0x561e3100,0x561e30a0
code-move,0x561e31a0,0x561e3140
code-move,0x561e3520,0x561e33e0
code-move,0x561e3720,0x561e34c0
code-move,0x561e37e0,0x561e3580
code-move,0x561e3920,0x561e36c0
code-move,0x561e39e0,0x561e3780
code-move,0x561e3ae0,0x561e3880
code-move,0x561e3c80,0x561e3a20
code-move,0x561e3d80,0x561e3b20
code-move,0x561e4020,0x561e3d00
code-move,0x561e4300,0x561e4020
code-move,0x561e4540,0x561e4260
code-move,0x561e4740,0x561e4320
code-move,0x561e4940,0x561e43e0
code-move,0x561e4b40,0x561e44a0
code-move,0x561e4ba0,0x561e4500
code-move,0x561e4ec0,0x561e4820
code-move,0x561e4f40,0x561e48a0
code-move,0x561e4fc0,0x561e4920
code-move,0x561e5040,0x561e49a0
code-move,0x561e50c0,0x561e4a20
code-move,0x561e5140,0x561e4aa0
code-move,0x561e5260,0x561e4bc0
code-move,0x561e53c0,0x561e4d20
code-move,0x561e55c0,0x561e4e40
code-move,0x561e5640,0x561e4ec0
code-move,0x561e56c0,0x561e4f40
code-move,0x561e5740,0x561e4fc0
code-move,0x561e6200,0x561e52a0
code-move,0x561e6600,0x561e5360
code-move,0x561e6660,0x561e53c0
code-move,0x561e6960,0x561e5600
code-move,0x561e69e0,0x561e5680
code-move,0x561e6ac0,0x561e5700
code-move,0x561e6ba0,0x561e5780
code-move,0x561e7260,0x561e5860
code-move,0x561e73a0,0x561e59a0
code-move,0x561e7480,0x561e6020
code-move,0x561e7d40,0x561e67a0
code-move,0x561e8020,0x561e6840
code-move,0x561e89c0,0x561e71e0
code-move,0x561e8b80,0x561e73a0
code-move,0x561e8d00,0x561e7520
code-move,0x561e8de0,0x561e7600
code-move,0x561e8ee0,0x561e7700
code-move,0x561e8fc0,0x561e77e0
code-move,0x561e90a0,0x561e8020
code-move,0x561e9a00,0x561e8980
code-move,0x561e9ae0,0x561e8a60
code-move,0x561e9bc0,0x561e8b40
code-move,0x561e9ce0,0x561e8c60
code-move,0x561ea020,0x561e8d80
code-move,0x561ea260,0x561e8fc0
code-move,0x561ea340,0x561e90a0
code-move,0x561ea400,0x561e9160
code-move,0x561ea480,0x561e91e0
code-move,0x561ea580,0x561e92e0
code-move,0x561ea5e0,0x561e9340
code-move,0x561ea6c0,0x561e9420
code-move,0x561ea7a0,0x561ea020
code-move,0x561eb780,0x561eb000
code-move,0x561eb8e0,0x561eb160
code-move,0x561eb9c0,0x561eb240
code-move,0x561ebbc0,0x561eb440
code-move,0x561ebca0,0x561eb520
code-move,0x561ebd00,0x561eb580
code-move,0x561ec020,0x561eb5e0
code-move,0x561ec3c0,0x561eb980
